*** Using Compiler 'V5.06 update 7 (build 960)', folder: 'C:\Users\34118\AppData\Local\Keil_v5\ARM\ARMCC\Bin'
Build target 'Downloads'
compiling syscall.c...
../Core/Inc/main.h(44): error:  #20: identifier "TIM_HandleTypeDef" is undefined
  extern TIM_HandleTypeDef htim2; // æ·»åŠ å®šæ—¶å™¨å¥æŸ„å£°æ˜?
../Middlewares/Third_Party/FatFs/src/option/syscall.c: 0 warnings, 1 error
compiling dma.c...
../Core/Inc/main.h(44): error:  #20: identifier "TIM_HandleTypeDef" is undefined
  extern TIM_HandleTypeDef htim2; // æ·»åŠ å®šæ—¶å™¨å¥æŸ„å£°æ˜?
../Core/Src/dma.c: 0 warnings, 1 error
compiling sdio.c...
../Core/Inc/main.h(44): error:  #20: identifier "TIM_HandleTypeDef" is undefined
  extern TIM_HandleTypeDef htim2; // æ·»åŠ å®šæ—¶å™¨å¥æŸ„å£°æ˜?
../Core/Src/sdio.c: 0 warnings, 1 error
compiling stm32f4xx_it.c...
../Core/Inc/main.h(44): error:  #20: identifier "TIM_HandleTypeDef" is undefined
  extern TIM_HandleTypeDef htim2; // æ·»åŠ å®šæ—¶å™¨å¥æŸ„å£°æ˜?
../Core/Src/stm32f4xx_it.c: 0 warnings, 1 error
compiling spi.c...
../Core/Inc/main.h(44): error:  #20: identifier "TIM_HandleTypeDef" is undefined
  extern TIM_HandleTypeDef htim2; // æ·»åŠ å®šæ—¶å™¨å¥æŸ„å£°æ˜?
../Core/Src/spi.c: 0 warnings, 1 error
compiling stm32f4xx_hal_msp.c...
../Core/Inc/main.h(44): error:  #20: identifier "TIM_HandleTypeDef" is undefined
  extern TIM_HandleTypeDef htim2; // æ·»åŠ å®šæ—¶å™¨å¥æŸ„å£°æ˜?
../Core/Src/stm32f4xx_hal_msp.c: 0 warnings, 1 error
compiling usart.c...
../Core/Inc/main.h(44): error:  #20: identifier "TIM_HandleTypeDef" is undefined
  extern TIM_HandleTypeDef htim2; // æ·»åŠ å®šæ—¶å™¨å¥æŸ„å£°æ˜?
../Core/Src/usart.c: 0 warnings, 1 error
compiling gpio.c...
../Core/Inc/main.h(44): error:  #20: identifier "TIM_HandleTypeDef" is undefined
  extern TIM_HandleTypeDef htim2; // æ·»åŠ å®šæ—¶å™¨å¥æŸ„å£°æ˜?
../Core/Src/gpio.c: 0 warnings, 1 error
compiling main.c...
../Core/Inc/main.h(44): error:  #20: identifier "TIM_HandleTypeDef" is undefined
  extern TIM_HandleTypeDef htim2; // æ·»åŠ å®šæ—¶å™¨å¥æŸ„å£°æ˜?
../Core/Src/main.c(305): warning:  #223-D: function "HAL_TIM_PWM_Start" declared implicitly
    HAL_TIM_PWM_Start(&htim2, TIM_CHANNEL_1);
../Core/Src/main.c(305): error:  #20: identifier "TIM_CHANNEL_1" is undefined
    HAL_TIM_PWM_Start(&htim2, TIM_CHANNEL_1);
../Core/Src/main.c: 1 warning, 2 errors
compiling diskio.c...
../Core/Inc/main.h(44): error:  #20: identifier "TIM_HandleTypeDef" is undefined
  extern TIM_HandleTypeDef htim2; // æ·»åŠ å®šæ—¶å™¨å¥æŸ„å£°æ˜?
../Middlewares/Third_Party/FatFs/src/diskio.c: 0 warnings, 1 error
compiling ff_gen_drv.c...
../Core/Inc/main.h(44): error:  #20: identifier "TIM_HandleTypeDef" is undefined
  extern TIM_HandleTypeDef htim2; // æ·»åŠ å®šæ—¶å™¨å¥æŸ„å£°æ˜?
../Middlewares/Third_Party/FatFs/src/ff_gen_drv.c: 0 warnings, 1 error
compiling sd_diskio.c...
../Core/Inc/main.h(44): error:  #20: identifier "TIM_HandleTypeDef" is undefined
  extern TIM_HandleTypeDef htim2; // æ·»åŠ å®šæ—¶å™¨å¥æŸ„å£°æ˜?
../FATFS/Target/sd_diskio.c: 0 warnings, 1 error
compiling ff.c...
../Core/Inc/main.h(44): error:  #20: identifier "TIM_HandleTypeDef" is undefined
  extern TIM_HandleTypeDef htim2; // æ·»åŠ å®šæ—¶å™¨å¥æŸ„å£°æ˜?
../Middlewares/Third_Party/FatFs/src/ff.c: 0 warnings, 1 error
compiling lcd_port.c...
../Core/Inc/main.h(44): error:  #20: identifier "TIM_HandleTypeDef" is undefined
  extern TIM_HandleTypeDef htim2; // æ·»åŠ å®šæ—¶å™¨å¥æŸ„å£°æ˜?
..\Drivers\BSP\LCD_ST7789\lcd_port.c: 0 warnings, 1 error
compiling fatfs.c...
../Core/Inc/main.h(44): error:  #20: identifier "TIM_HandleTypeDef" is undefined
  extern TIM_HandleTypeDef htim2; // æ·»åŠ å®šæ—¶å™¨å¥æŸ„å£°æ˜?
../FATFS/App/fatfs.c: 0 warnings, 1 error
"Downloads\Downloads.axf" - 16 Error(s), 1 Warning(s).
Target not created.
Build Time Elapsed:  00:00:03
